<?xml version="1.0" encoding="UTF-8"?>
<robot generator="Robot 6.1.1 (Python 3.9.2 on darwin)" generated="20231116 19:04:23.773" rpa="false" schemaversion="4">
<suite id="s1" name="Test Demo" source="/Users/s96681/works/Automated_scripts/scb_eppd_web_automatesting/testcases/demo_test/test_demo.robot">
<test id="s1-t1" name="Test go to eppd with chrome" line="5">
<kw name="Go to eppd by chrome browser" library="common_web_keywords">
<arg>TTCUSEROP1@TTC</arg>
<arg>TTC</arg>
<doc>Go to eppd endpoint by Login using Authen rounting api.
Arguments: Username, Password</doc>
<kw name="Post Authen rounting api" library="common_api_keywords">
<var>${auth_resp}</var>
<arg>${username}</arg>
<arg>${password}</arg>
<doc>post api with param : username@password</doc>
<kw name="Create Dictionary" library="BuiltIn">
<var>${headers}</var>
<arg>Content-Type=application/x-www-form-urlencoded</arg>
<arg>X-Channel-Client=S1</arg>
<arg>X-Channel=MANUAL</arg>
<doc>Creates and returns a dictionary based on the given ``items``.</doc>
<msg timestamp="20231116 19:04:23.939" level="INFO">${headers} = {'Content-Type': 'application/x-www-form-urlencoded', 'X-Channel-Client': 'S1', 'X-Channel': 'MANUAL'}</msg>
<status status="PASS" starttime="20231116 19:04:23.939" endtime="20231116 19:04:23.939"/>
</kw>
<kw name="Set Variable" library="BuiltIn">
<var>${domain}</var>
<arg>https://auth-scbeppd-${env}.se.scb.co.th/</arg>
<doc>Returns the given values which can then be assigned to a variables.</doc>
<msg timestamp="20231116 19:04:23.940" level="INFO">${domain} = https://auth-scbeppd-sit.se.scb.co.th/</msg>
<status status="PASS" starttime="20231116 19:04:23.939" endtime="20231116 19:04:23.940"/>
</kw>
<kw name="Set Variable" library="BuiltIn">
<var>${endpoint}</var>
<arg>authen-routing/s1/auth/token</arg>
<doc>Returns the given values which can then be assigned to a variables.</doc>
<msg timestamp="20231116 19:04:23.940" level="INFO">${endpoint} = authen-routing/s1/auth/token</msg>
<status status="PASS" starttime="20231116 19:04:23.940" endtime="20231116 19:04:23.940"/>
</kw>
<kw name="Set Variable" library="BuiltIn">
<var>${x_form_body}</var>
<arg>${authen_rounting.body}</arg>
<doc>Returns the given values which can then be assigned to a variables.</doc>
<msg timestamp="20231116 19:04:23.940" level="INFO">${x_form_body} = {'username': 'username', 'grant_type': 'password', 'password': 'password'}</msg>
<status status="PASS" starttime="20231116 19:04:23.940" endtime="20231116 19:04:23.940"/>
</kw>
<kw name="Set To Dictionary" library="Collections">
<arg>${x_form_body}</arg>
<arg>username</arg>
<arg>${username}</arg>
<doc>Adds the given ``key_value_pairs`` and/or ``items`` to the ``dictionary``.</doc>
<status status="PASS" starttime="20231116 19:04:23.940" endtime="20231116 19:04:23.940"/>
</kw>
<kw name="Set To Dictionary" library="Collections">
<arg>${x_form_body}</arg>
<arg>password</arg>
<arg>${password}</arg>
<doc>Adds the given ``key_value_pairs`` and/or ``items`` to the ``dictionary``.</doc>
<status status="PASS" starttime="20231116 19:04:23.940" endtime="20231116 19:04:23.941"/>
</kw>
<kw name="Create Session" library="RequestsLibrary">
<arg>domain</arg>
<arg>${domain}</arg>
<doc>Create Session: create a HTTP session to a server</doc>
<msg timestamp="20231116 19:04:23.941" level="INFO">Creating Session using : alias=domain, url=https://auth-scbeppd-sit.se.scb.co.th/, headers={},                     cookies={}, auth=None, timeout=None, proxies=None, verify=False,                     debug=0 </msg>
<status status="PASS" starttime="20231116 19:04:23.941" endtime="20231116 19:04:23.941"/>
</kw>
<kw name="POST On Session" library="RequestsLibrary">
<var>${response}</var>
<arg>domain</arg>
<arg>${endpoint}</arg>
<arg>headers=${headers}</arg>
<arg>data=${x_form_body}</arg>
<arg>expected_status=any</arg>
<doc>Sends a POST request on a previously created HTTP Session.</doc>
<msg timestamp="20231116 19:04:24.363" level="INFO">POST Request : url=https://auth-scbeppd-sit.se.scb.co.th/authen-routing/s1/auth/token 
 path_url=/authen-routing/s1/auth/token 
 headers={'User-Agent': 'python-requests/2.31.0', 'Accept-Encoding': 'gzip, deflate', 'Accept': '*/*', 'Connection': 'keep-alive', 'Content-Type': 'application/x-www-form-urlencoded', 'X-Channel-Client': 'S1', 'X-Channel': 'MANUAL', 'Content-Length': '58'} 
 body=username=TTCUSEROP1%40TTC&amp;grant_type=password&amp;password=TTC 
 </msg>
<msg timestamp="20231116 19:04:24.363" level="INFO">POST Response : url=https://auth-scbeppd-sit.se.scb.co.th/authen-routing/s1/auth/token 
 status=200, reason= 
 headers={'Date': 'Thu, 16 Nov 2023 12:04:24 GMT', 'Content-Type': 'application/json', 'Transfer-Encoding': 'chunked', 'Connection': 'keep-alive', 'Strict-Transport-Security': 'max-age=15724800; includeSubDomains; preload'} 
 body={"generateTokenRs":"https://scbeppd-sit.se.scb.co.th/landingpage/s1?id=af276dae-f14c-45da-b5b3-ff201a06772a","expires_in":1700138964439} 
 </msg>
<msg timestamp="20231116 19:04:24.364" level="INFO">/Users/s96681/Library/Python/3.9/lib/python/site-packages/urllib3/connectionpool.py:1045: InsecureRequestWarning: Unverified HTTPS request is being made to host 'auth-scbeppd-sit.se.scb.co.th'. Adding certificate verification is strongly advised. See: https://urllib3.readthedocs.io/en/1.26.x/advanced-usage.html#ssl-warnings
  warnings.warn(</msg>
<msg timestamp="20231116 19:04:24.364" level="INFO">${response} = &lt;Response [200]&gt;</msg>
<status status="PASS" starttime="20231116 19:04:23.941" endtime="20231116 19:04:24.364"/>
</kw>
<kw name="Set Variable" library="BuiltIn">
<var>${res_json}</var>
<arg>${response.json()}</arg>
<doc>Returns the given values which can then be assigned to a variables.</doc>
<msg timestamp="20231116 19:04:24.366" level="INFO">${res_json} = {'generateTokenRs': 'https://scbeppd-sit.se.scb.co.th/landingpage/s1?id=af276dae-f14c-45da-b5b3-ff201a06772a', 'expires_in': 1700138964439}</msg>
<status status="PASS" starttime="20231116 19:04:24.364" endtime="20231116 19:04:24.366"/>
</kw>
<return>
<value>${res_json}</value>
<status status="PASS" starttime="20231116 19:04:24.366" endtime="20231116 19:04:24.367"/>
</return>
<msg timestamp="20231116 19:04:24.367" level="INFO">${auth_resp} = {'generateTokenRs': 'https://scbeppd-sit.se.scb.co.th/landingpage/s1?id=af276dae-f14c-45da-b5b3-ff201a06772a', 'expires_in': 1700138964439}</msg>
<status status="PASS" starttime="20231116 19:04:23.939" endtime="20231116 19:04:24.367"/>
</kw>
<kw name="Set Variable" library="BuiltIn">
<var>${url_auth}</var>
<arg>${auth_resp}[generateTokenRs]</arg>
<doc>Returns the given values which can then be assigned to a variables.</doc>
<msg timestamp="20231116 19:04:24.367" level="INFO">${url_auth} = https://scbeppd-sit.se.scb.co.th/landingpage/s1?id=af276dae-f14c-45da-b5b3-ff201a06772a</msg>
<status status="PASS" starttime="20231116 19:04:24.367" endtime="20231116 19:04:24.368"/>
</kw>
<kw name="Open Eppd By Chrome Browser" library="common_util">
<arg>${url_auth}</arg>
<status status="PASS" starttime="20231116 19:04:24.368" endtime="20231116 19:04:55.762"/>
</kw>
<status status="PASS" starttime="20231116 19:04:23.939" endtime="20231116 19:04:55.762"/>
</kw>
<status status="PASS" starttime="20231116 19:04:23.939" endtime="20231116 19:04:55.762"/>
</test>
<status status="PASS" starttime="20231116 19:04:23.774" endtime="20231116 19:04:55.763"/>
</suite>
<statistics>
<total>
<stat pass="1" fail="0" skip="0">All Tests</stat>
</total>
<tag>
</tag>
<suite>
<stat pass="1" fail="0" skip="0" id="s1" name="Test Demo">Test Demo</stat>
</suite>
</statistics>
<errors>
</errors>
</robot>
